<?xml version="1.0" encoding="UTF-8"?>
<testng-results ignored="0" total="1" passed="1" failed="0" skipped="0">
  <reporter-output>
  </reporter-output>
  <suite started-at="2021-03-31T10:54:46 CST" name="Default suite" finished-at="2021-03-31T10:55:34 CST" duration-ms="48260">
    <groups>
    </groups>
    <test started-at="2021-03-31T10:54:46 CST" name="Default test" finished-at="2021-03-31T10:55:34 CST" duration-ms="48260">
      <class name="myTests.ProductOverview">
        <test-method is-config="true" signature="setBaseURL()[pri:0, instance:myTests.ProductOverview@6236eb5f]" started-at="2021-03-31T10:54:46 CST" name="setBaseURL" finished-at="2021-03-31T10:55:00 CST" duration-ms="14084" status="PASS">
          <reporter-output>
          </reporter-output>
        </test-method> <!-- setBaseURL -->
        <test-method signature="productOverview()[pri:0, instance:myTests.ProductOverview@6236eb5f]" started-at="2021-03-31T10:55:00 CST" name="productOverview" finished-at="2021-03-31T10:55:33 CST" duration-ms="33092" status="PASS">
          <reporter-output>
          </reporter-output>
        </test-method> <!-- productOverview -->
        <test-method is-config="true" signature="endSession()[pri:0, instance:myTests.ProductOverview@6236eb5f]" started-at="2021-03-31T10:55:33 CST" name="endSession" finished-at="2021-03-31T10:55:34 CST" duration-ms="1025" status="PASS">
          <reporter-output>
          </reporter-output>
        </test-method> <!-- endSession -->
      </class> <!-- myTests.ProductOverview -->
    </test> <!-- Default test -->
  </suite> <!-- Default suite -->
</testng-results>
