<?xml version="1.0" encoding="UTF-8"?>
<testng-results ignored="0" total="1" passed="1" failed="0" skipped="0">
  <reporter-output>
  </reporter-output>
  <suite started-at="2021-03-23T15:19:52 CST" name="Default suite" finished-at="2021-03-23T15:20:04 CST" duration-ms="11943">
    <groups>
    </groups>
    <test started-at="2021-03-23T15:19:52 CST" name="Default test" finished-at="2021-03-23T15:20:04 CST" duration-ms="11943">
      <class name="myTests.PageFactoryTest">
        <test-method is-config="true" signature="setBaseURL()[pri:0, instance:myTests.PageFactoryTest@c03cf28]" started-at="2021-03-23T15:19:52 CST" name="setBaseURL" finished-at="2021-03-23T15:20:00 CST" duration-ms="7530" status="PASS">
          <reporter-output>
          </reporter-output>
        </test-method> <!-- setBaseURL -->
        <test-method signature="searchDresses()[pri:0, instance:myTests.PageFactoryTest@c03cf28]" started-at="2021-03-23T15:20:00 CST" name="searchDresses" finished-at="2021-03-23T15:20:03 CST" duration-ms="2996" status="PASS">
          <reporter-output>
          </reporter-output>
        </test-method> <!-- searchDresses -->
        <test-method is-config="true" signature="endSession()[pri:0, instance:myTests.PageFactoryTest@c03cf28]" started-at="2021-03-23T15:20:03 CST" name="endSession" finished-at="2021-03-23T15:20:04 CST" duration-ms="1371" status="PASS">
          <reporter-output>
          </reporter-output>
        </test-method> <!-- endSession -->
      </class> <!-- myTests.PageFactoryTest -->
    </test> <!-- Default test -->
  </suite> <!-- Default suite -->
</testng-results>
